
   FastAPI   Starting production server 🚀
 
             Searching for package file structure from directories with         
             __init__.py files                                                  
             Importing from                                                     
             /home/tkl/github/fcj-project-1_file-processing-service             
 
    module   🐍 app.py
 
      code   Importing the FastAPI app object from the module with the following
             code:                                                              
 
             from app import app
 
       app   Using import string: app:app
 
    server   Server started at http://0.0.0.0:6969
    server   Documentation at http://0.0.0.0:6969/docs
 
             Logs:
 
      INFO   Started server process [13223]
      INFO   Waiting for application startup.
      INFO   Application startup complete.
      INFO   Uvicorn running on http://0.0.0.0:6969 (Press CTRL+C to quit)
      INFO   127.0.0.1:43712 - "POST /get_static/ HTTP/1.1" 200
      INFO   Shutting down
      INFO   Waiting for application shutdown.
      INFO   Application shutdown complete.
      INFO   Finished server process [13223]
